<?xml version="1.0" encoding="UTF-8"?>
<testng-results ignored="0" total="1" passed="1" failed="0" skipped="0">
  <reporter-output>
  </reporter-output>
  <suite started-at="2026-07-02T21:37:20 ICT" name="Surefire suite" finished-at="2026-07-02T21:37:32 ICT" duration-ms="11426">
    <groups>
    </groups>
    <test started-at="2026-07-02T21:37:20 ICT" name="Surefire test" finished-at="2026-07-02T21:37:32 ICT" duration-ms="11426">
      <class name="com.testing.demo.AppTest">
        <test-method is-config="true" signature="setUp()[pri:0, instance:com.testing.demo.AppTest@159f197]" started-at="2026-07-02T21:37:20 ICT" name="setUp" finished-at="2026-07-02T21:37:28 ICT" duration-ms="7449" status="PASS">
          <reporter-output>
          </reporter-output>
        </test-method> <!-- setUp -->
        <test-method signature="testGoogleSearchTitle()[pri:0, instance:com.testing.demo.AppTest@159f197]" started-at="2026-07-02T21:37:28 ICT" name="testGoogleSearchTitle" finished-at="2026-07-02T21:37:29 ICT" duration-ms="1233" status="PASS">
          <reporter-output>
          </reporter-output>
        </test-method> <!-- testGoogleSearchTitle -->
        <test-method is-config="true" signature="tearDown()[pri:0, instance:com.testing.demo.AppTest@159f197]" started-at="2026-07-02T21:37:29 ICT" name="tearDown" finished-at="2026-07-02T21:37:32 ICT" duration-ms="2686" status="PASS">
          <reporter-output>
          </reporter-output>
        </test-method> <!-- tearDown -->
      </class> <!-- com.testing.demo.AppTest -->
    </test> <!-- Surefire test -->
  </suite> <!-- Surefire suite -->
</testng-results>
