<?xml version="1.0" encoding="UTF-8"?>
<testng-results ignored="0" total="1" passed="1" failed="0" skipped="0">
  <reporter-output>
  </reporter-output>
  <suite started-at="2026-07-09T21:47:19 ICT" name="Surefire suite" finished-at="2026-07-09T21:47:49 ICT" duration-ms="30121">
    <groups>
    </groups>
    <test started-at="2026-07-09T21:47:19 ICT" name="Surefire test" finished-at="2026-07-09T21:47:49 ICT" duration-ms="30121">
      <class name="com.testing.demo.BmiCalculatorTest">
        <test-method is-config="true" signature="setUp()[pri:0, instance:com.testing.demo.BmiCalculatorTest@2b6faea6]" started-at="2026-07-09T21:47:19 ICT" name="setUp" finished-at="2026-07-09T21:47:23 ICT" duration-ms="4075" status="PASS">
          <reporter-output>
          </reporter-output>
        </test-method> <!-- setUp -->
        <test-method signature="testBmiCalculatorWithMetricInput()[pri:0, instance:com.testing.demo.BmiCalculatorTest@2b6faea6]" started-at="2026-07-09T21:47:23 ICT" name="testBmiCalculatorWithMetricInput" finished-at="2026-07-09T21:47:48 ICT" duration-ms="24609" status="PASS">
          <reporter-output>
          </reporter-output>
        </test-method> <!-- testBmiCalculatorWithMetricInput -->
        <test-method is-config="true" signature="tearDown()[pri:0, instance:com.testing.demo.BmiCalculatorTest@2b6faea6]" started-at="2026-07-09T21:47:48 ICT" name="tearDown" finished-at="2026-07-09T21:47:49 ICT" duration-ms="1382" status="PASS">
          <reporter-output>
          </reporter-output>
        </test-method> <!-- tearDown -->
      </class> <!-- com.testing.demo.BmiCalculatorTest -->
    </test> <!-- Surefire test -->
  </suite> <!-- Surefire suite -->
</testng-results>
