<?xml version="1.0" encoding="UTF-8"?>
<!-- Generated by org.testng.reporters.JUnitXMLReporter -->
<testsuite ignored="0" hostname="Technologys-iMac.local" failures="0" tests="3" name="Surefire test" time="15.85" errors="0" timestamp="2026-07-16T10:20:20 GMT+07:00">
  <testcase classname="com.testing.demo.AppTest" name="testGoogleSearchTitle" time="1.401"/>
  <testcase classname="com.testing.demo.AppTest" name="testWikipediaSearch" time="3.767"/>
  <testcase classname="com.testing.demo.BmiCalculatorTest" name="testBmiCalculatorWithMetricInput" time="6.557"/>
</testsuite> <!-- Surefire test -->
