<?xml version="1.0" encoding="UTF-8"?>
<!-- Generated by org.testng.reporters.JUnitReportReporter -->
<testsuite hostname="Technologys-iMac.local" failures="0" tests="2" name="com.testing.demo.AppTest" time="7.071" errors="0" timestamp="2026-07-16T10:20:20 GMT+07:00" skipped="0">
  <testcase classname="com.testing.demo.AppTest" name="testGoogleSearchTitle" time="2.272"/>
  <testcase classname="com.testing.demo.AppTest" name="testWikipediaSearch" time="4.799"/>
</testsuite> <!-- com.testing.demo.AppTest -->
