<?xml version="1.0" encoding="UTF-8"?>
<testsuite xmlns:xsi="http://www.w3.org/2001/XMLSchema-instance" xsi:noNamespaceSchemaLocation="https://maven.apache.org/surefire/maven-surefire-plugin/xsd/surefire-test-report.xsd" version="3.0.2" name="com.testing.demo.BmiCalculatorTest" time="14.365" tests="1" errors="0" skipped="0" failures="0">
  <properties>
[...]
</properties>
  <testcase name="testBmiCalculatorWithMetricInput" classname="com.testing.demo.BmiCalculatorTest" time="7.258">
    <system-out><![CDATA[Age input = 25
Gender displayed = false
Gender enabled = true
Gender selected before = true
Gender selected after = true
Height input = 180 cm
Weight input = 65 kg
Calculate button clicked
Expected BMI = 20.1
BMI result verified successfully
BMI category = Normal
TEST PASSED
]]></system-out>
  </testcase>
</testsuite>