<?xml version="1.0" encoding="UTF-8"?>
<testng-results ignored="0" total="3" passed="3" failed="0" skipped="0">
  <reporter-output>
  </reporter-output>
  <suite started-at="2026-07-16T10:19:59 GMT+07:00" name="Surefire suite" finished-at="2026-07-16T10:20:15 GMT+07:00" duration-ms="15850">
    <groups>
    </groups>
    <test started-at="2026-07-16T10:19:59 GMT+07:00" name="Surefire test" finished-at="2026-07-16T10:20:15 GMT+07:00" duration-ms="15850">
      <class name="com.testing.demo.BmiCalculatorTest">
        <test-method is-config="true" signature="setUp()[pri:0, instance:com.testing.demo.BmiCalculatorTest@67e2d983]" started-at="2026-07-16T10:20:06 GMT+07:00" name="setUp" finished-at="2026-07-16T10:20:08 GMT+07:00" duration-ms="1899" status="PASS">
          <reporter-output>
          </reporter-output>
        </test-method> <!-- setUp -->
        <test-method signature="testBmiCalculatorWithMetricInput()[pri:0, instance:com.testing.demo.BmiCalculatorTest@67e2d983]" started-at="2026-07-16T10:20:08 GMT+07:00" name="testBmiCalculatorWithMetricInput" finished-at="2026-07-16T10:20:14 GMT+07:00" duration-ms="6557" status="PASS">
          <reporter-output>
          </reporter-output>
        </test-method> <!-- testBmiCalculatorWithMetricInput -->
        <test-method is-config="true" signature="tearDown()[pri:0, instance:com.testing.demo.BmiCalculatorTest@67e2d983]" started-at="2026-07-16T10:20:14 GMT+07:00" name="tearDown" finished-at="2026-07-16T10:20:15 GMT+07:00" duration-ms="312" status="PASS">
          <reporter-output>
          </reporter-output>
        </test-method> <!-- tearDown -->
      </class> <!-- com.testing.demo.BmiCalculatorTest -->
      <class name="com.testing.demo.AppTest">
        <test-method is-config="true" signature="setUp()[pri:0, instance:com.testing.demo.AppTest@77e4c80f]" started-at="2026-07-16T10:19:59 GMT+07:00" name="setUp" finished-at="2026-07-16T10:20:00 GMT+07:00" duration-ms="945" status="PASS">
          <reporter-output>
          </reporter-output>
        </test-method> <!-- setUp -->
        <test-method signature="testGoogleSearchTitle()[pri:0, instance:com.testing.demo.AppTest@77e4c80f]" started-at="2026-07-16T10:20:00 GMT+07:00" name="testGoogleSearchTitle" finished-at="2026-07-16T10:20:01 GMT+07:00" duration-ms="1401" status="PASS">
          <reporter-output>
          </reporter-output>
        </test-method> <!-- testGoogleSearchTitle -->
        <test-method is-config="true" signature="tearDown()[pri:0, instance:com.testing.demo.AppTest@77e4c80f]" started-at="2026-07-16T10:20:01 GMT+07:00" name="tearDown" finished-at="2026-07-16T10:20:01 GMT+07:00" duration-ms="88" status="PASS">
          <reporter-output>
          </reporter-output>
        </test-method> <!-- tearDown -->
        <test-method is-config="true" signature="setUp()[pri:0, instance:com.testing.demo.AppTest@77e4c80f]" started-at="2026-07-16T10:20:01 GMT+07:00" name="setUp" finished-at="2026-07-16T10:20:02 GMT+07:00" duration-ms="783" status="PASS">
          <reporter-output>
          </reporter-output>
        </test-method> <!-- setUp -->
        <test-method signature="testWikipediaSearch()[pri:0, instance:com.testing.demo.AppTest@77e4c80f]" started-at="2026-07-16T10:20:02 GMT+07:00" name="testWikipediaSearch" finished-at="2026-07-16T10:20:06 GMT+07:00" duration-ms="3767" status="PASS">
          <reporter-output>
          </reporter-output>
        </test-method> <!-- testWikipediaSearch -->
        <test-method is-config="true" signature="tearDown()[pri:0, instance:com.testing.demo.AppTest@77e4c80f]" started-at="2026-07-16T10:20:06 GMT+07:00" name="tearDown" finished-at="2026-07-16T10:20:06 GMT+07:00" duration-ms="87" status="PASS">
          <reporter-output>
          </reporter-output>
        </test-method> <!-- tearDown -->
      </class> <!-- com.testing.demo.AppTest -->
    </test> <!-- Surefire test -->
  </suite> <!-- Surefire suite -->
</testng-results>
